<?xml version="1.0" encoding="UTF-8" ?>
<testsuite failures="1" time="2.791" errors="0" skipped="0" tests="7" name="KauppaTest">
  <properties>
[...]
</properties>
  <testcase time="2.657" classname="KauppaTest" name="ostoksenPaatyttyaTilisiirrossaNimiTilinroSumma"/>
  <testcase time="0.005" classname="KauppaTest" name="ostoksenPaatyttyaSummaEriTuotteet"/>
  <testcase time="0.007" classname="KauppaTest" name="ostoksenPaatyttyaSummaSamatTuotteet"/>
  <testcase time="0.009" classname="KauppaTest" name="ostoksenPaatyttyaEriTuotteetToinenLoppu"/>
  <testcase time="0.02" classname="KauppaTest" name="ostoksenPaatyttyaOikeanOstoskorinTiedot"/>
  <testcase time="0.003" classname="KauppaTest" name="eriViiteJokaOstokseen"/>
  <testcase time="0.09" classname="KauppaTest" name="tuotePoistuuKoristaPyydettaessa">
    <failure message="
Argument(s) are different! Wanted:
pankki.tilisiirto(
    &lt;any&gt;,
    &lt;any&gt;,
    &lt;any&gt;,
    &lt;any&gt;,
    5
);
-&gt; at KauppaTest.tuotePoistuuKoristaPyydettaessa(KauppaTest.java:134)
Actual invocation has different arguments:
pankki.tilisiirto(
    &quot;a&quot;,
    0,
    &quot;b&quot;,
    &quot;33333-44455&quot;,
    10
);
-&gt; at ohtu.verkkokauppa.Kauppa.tilimaksu(Kauppa.java:42)
" type="Argument(s) are different! Wanted">Argument(s) are different! Wanted:
pankki.tilisiirto(
    &lt;any&gt;,
    &lt;any&gt;,
    &lt;any&gt;,
    &lt;any&gt;,
    5
);
-&gt; at KauppaTest.tuotePoistuuKoristaPyydettaessa(KauppaTest.java:134)
Actual invocation has different arguments:
pankki.tilisiirto(
    &quot;a&quot;,
    0,
    &quot;b&quot;,
    &quot;33333-44455&quot;,
    10
);
-&gt; at ohtu.verkkokauppa.Kauppa.tilimaksu(Kauppa.java:42)

	at sun.reflect.NativeConstructorAccessorImpl.newInstance0(Native Method)
	at sun.reflect.NativeConstructorAccessorImpl.newInstance(NativeConstructorAccessorImpl.java:57)
	at sun.reflect.DelegatingConstructorAccessorImpl.newInstance(DelegatingConstructorAccessorImpl.java:45)
	at java.lang.reflect.Constructor.newInstance(Constructor.java:526)
	at KauppaTest.tuotePoistuuKoristaPyydettaessa(KauppaTest.java:134)
	at sun.reflect.NativeMethodAccessorImpl.invoke0(Native Method)
	at sun.reflect.NativeMethodAccessorImpl.invoke(NativeMethodAccessorImpl.java:57)
	at sun.reflect.DelegatingMethodAccessorImpl.invoke(DelegatingMethodAccessorImpl.java:43)
	at java.lang.reflect.Method.invoke(Method.java:606)
	at org.junit.runners.model.FrameworkMethod$1.runReflectiveCall(FrameworkMethod.java:45)
	at org.junit.internal.runners.model.ReflectiveCallable.run(ReflectiveCallable.java:15)
	at org.junit.runners.model.FrameworkMethod.invokeExplosively(FrameworkMethod.java:42)
	at org.junit.internal.runners.statements.InvokeMethod.evaluate(InvokeMethod.java:20)
	at org.junit.internal.runners.statements.RunBefores.evaluate(RunBefores.java:28)
	at org.junit.runners.ParentRunner.runLeaf(ParentRunner.java:263)
	at org.junit.runners.BlockJUnit4ClassRunner.runChild(BlockJUnit4ClassRunner.java:68)
	at org.junit.runners.BlockJUnit4ClassRunner.runChild(BlockJUnit4ClassRunner.java:47)
	at org.junit.runners.ParentRunner$3.run(ParentRunner.java:231)
	at org.junit.runners.ParentRunner$1.schedule(ParentRunner.java:60)
	at org.junit.runners.ParentRunner.runChildren(ParentRunner.java:229)
	at org.junit.runners.ParentRunner.access$000(ParentRunner.java:50)
	at org.junit.runners.ParentRunner$2.evaluate(ParentRunner.java:222)
	at org.junit.runners.ParentRunner.run(ParentRunner.java:300)
	at org.apache.maven.surefire.junit4.JUnit4Provider.execute(JUnit4Provider.java:252)
	at org.apache.maven.surefire.junit4.JUnit4Provider.executeTestSet(JUnit4Provider.java:141)
	at org.apache.maven.surefire.junit4.JUnit4Provider.invoke(JUnit4Provider.java:112)
	at sun.reflect.NativeMethodAccessorImpl.invoke0(Native Method)
	at sun.reflect.NativeMethodAccessorImpl.invoke(NativeMethodAccessorImpl.java:57)
	at sun.reflect.DelegatingMethodAccessorImpl.invoke(DelegatingMethodAccessorImpl.java:43)
	at java.lang.reflect.Method.invoke(Method.java:606)
	at org.apache.maven.surefire.util.ReflectionUtils.invokeMethodWithArray(ReflectionUtils.java:189)
	at org.apache.maven.surefire.booter.ProviderFactory$ProviderProxy.invoke(ProviderFactory.java:165)
	at org.apache.maven.surefire.booter.ProviderFactory.invokeProvider(ProviderFactory.java:85)
	at org.apache.maven.surefire.booter.ForkedBooter.runSuitesInProcess(ForkedBooter.java:115)
	at org.apache.maven.surefire.booter.ForkedBooter.main(ForkedBooter.java:75)
</failure>
  </testcase>
</testsuite>